<?xml version="1.0" encoding="UTF-8"?>
<testng-results ignored="0" total="1" passed="1" failed="0" skipped="0">
  <reporter-output>
  </reporter-output>
  <suite started-at="2023-03-05T00:10:08 IST" name="FebFramework" finished-at="2023-03-05T00:10:16 IST" duration-ms="7784">
    <groups>
    </groups>
    <test started-at="2023-03-05T00:10:08 IST" name="Test" finished-at="2023-03-05T00:10:16 IST" duration-ms="7784">
      <class name="com.TestCases.Tc_001_Login">
        <test-method is-config="true" signature="presetup(java.lang.String)[pri:0, instance:com.TestCases.Tc_001_Login@2a265ea9]" started-at="2023-03-05T00:10:08 IST" name="presetup" finished-at="2023-03-05T00:10:11 IST" duration-ms="3653" status="PASS">
          <params>
            <param index="0">
              <value>
                <![CDATA[chrome]]>
              </value>
            </param>
          </params>
          <reporter-output>
          </reporter-output>
        </test-method> <!-- presetup -->
        <test-method signature="Login_Test()[pri:0, instance:com.TestCases.Tc_001_Login@2a265ea9]" started-at="2023-03-05T00:10:11 IST" name="Login_Test" finished-at="2023-03-05T00:10:15 IST" duration-ms="3431" status="PASS">
          <reporter-output>
          </reporter-output>
        </test-method> <!-- Login_Test -->
        <test-method is-config="true" signature="tear()[pri:0, instance:com.TestCases.Tc_001_Login@2a265ea9]" started-at="2023-03-05T00:10:15 IST" name="tear" finished-at="2023-03-05T00:10:16 IST" duration-ms="599" status="PASS">
          <reporter-output>
          </reporter-output>
        </test-method> <!-- tear -->
      </class> <!-- com.TestCases.Tc_001_Login -->
    </test> <!-- Test -->
  </suite> <!-- FebFramework -->
</testng-results>
